Error: listen EADDRNOTAVAIL
    at exports._errnoException (util.js:746:11)
    at Server._listen2 (net.js:1139:19)
    at listen (net.js:1182:10)
    at net.js:1280:9
    at dns.js:85:18
    at process._tickDomainCallback (node.js:381:11)
    at Function.Module.runMain (module.js:503:11)
    at startup (node.js:129:16)
    at node.js:814:3
Error: listen EADDRNOTAVAIL
    at exports._errnoException (util.js:746:11)
    at Server._listen2 (net.js:1139:19)
    at listen (net.js:1182:10)
    at net.js:1280:9
    at dns.js:85:18
    at process._tickDomainCallback (node.js:381:11)
    at Function.Module.runMain (module.js:503:11)
    at startup (node.js:129:16)
    at node.js:814:3
Error: listen EADDRNOTAVAIL
    at exports._errnoException (util.js:746:11)
    at Server._listen2 (net.js:1139:19)
    at listen (net.js:1182:10)
    at net.js:1280:9
    at dns.js:85:18
    at process._tickDomainCallback (node.js:381:11)
    at Function.Module.runMain (module.js:503:11)
    at startup (node.js:129:16)
    at node.js:814:3
Error: listen EADDRNOTAVAIL
    at exports._errnoException (util.js:746:11)
    at Server._listen2 (net.js:1139:19)
    at listen (net.js:1182:10)
    at net.js:1280:9
    at dns.js:85:18
    at process._tickDomainCallback (node.js:381:11)
    at Function.Module.runMain (module.js:503:11)
    at startup (node.js:129:16)
    at node.js:814:3
Error: listen EADDRNOTAVAIL
    at exports._errnoException (util.js:746:11)
    at Server._listen2 (net.js:1139:19)
    at listen (net.js:1182:10)
    at net.js:1280:9
    at dns.js:85:18
    at process._tickDomainCallback (node.js:381:11)
    at Function.Module.runMain (module.js:503:11)
    at startup (node.js:129:16)
    at node.js:814:3
Error: listen EADDRNOTAVAIL
    at exports._errnoException (util.js:746:11)
    at Server._listen2 (net.js:1139:19)
    at listen (net.js:1182:10)
    at net.js:1280:9
    at dns.js:85:18
    at process._tickDomainCallback (node.js:381:11)
    at Function.Module.runMain (module.js:503:11)
    at startup (node.js:129:16)
    at node.js:814:3
Error: listen EADDRNOTAVAIL
    at exports._errnoException (util.js:746:11)
    at Server._listen2 (net.js:1139:19)
    at listen (net.js:1182:10)
    at net.js:1280:9
    at dns.js:85:18
    at process._tickDomainCallback (node.js:381:11)
    at Function.Module.runMain (module.js:503:11)
    at startup (node.js:129:16)
    at node.js:814:3
Error: listen EADDRNOTAVAIL
    at exports._errnoException (util.js:746:11)
    at Server._listen2 (net.js:1139:19)
    at listen (net.js:1182:10)
    at net.js:1280:9
    at dns.js:85:18
    at process._tickDomainCallback (node.js:381:11)
    at Function.Module.runMain (module.js:503:11)
    at startup (node.js:129:16)
    at node.js:814:3
Error: listen EADDRNOTAVAIL
    at exports._errnoException (util.js:746:11)
    at Server._listen2 (net.js:1139:19)
    at listen (net.js:1182:10)
    at net.js:1280:9
    at dns.js:85:18
    at process._tickDomainCallback (node.js:381:11)
    at Function.Module.runMain (module.js:503:11)
    at startup (node.js:129:16)
    at node.js:814:3
Error: listen EADDRNOTAVAIL
    at exports._errnoException (util.js:746:11)
    at Server._listen2 (net.js:1139:19)
    at listen (net.js:1182:10)
    at net.js:1280:9
    at dns.js:85:18
    at process._tickDomainCallback (node.js:381:11)
    at Function.Module.runMain (module.js:503:11)
    at startup (node.js:129:16)
    at node.js:814:3
Error: listen EADDRNOTAVAIL
    at exports._errnoException (util.js:746:11)
    at Server._listen2 (net.js:1139:19)
    at listen (net.js:1182:10)
    at net.js:1280:9
    at dns.js:85:18
    at process._tickDomainCallback (node.js:381:11)
    at Function.Module.runMain (module.js:503:11)
    at startup (node.js:129:16)
    at node.js:814:3
Error: listen EADDRNOTAVAIL
    at exports._errnoException (util.js:746:11)
    at Server._listen2 (net.js:1139:19)
    at listen (net.js:1182:10)
    at net.js:1280:9
    at dns.js:85:18
    at process._tickDomainCallback (node.js:381:11)
    at Function.Module.runMain (module.js:503:11)
    at startup (node.js:129:16)
    at node.js:814:3
Error: listen EADDRNOTAVAIL
    at exports._errnoException (util.js:746:11)
    at Server._listen2 (net.js:1139:19)
    at listen (net.js:1182:10)
    at net.js:1280:9
    at dns.js:85:18
    at process._tickDomainCallback (node.js:381:11)
    at Function.Module.runMain (module.js:503:11)
    at startup (node.js:129:16)
    at node.js:814:3
Error: listen EADDRNOTAVAIL
    at exports._errnoException (util.js:746:11)
    at Server._listen2 (net.js:1139:19)
    at listen (net.js:1182:10)
    at net.js:1280:9
    at dns.js:85:18
    at process._tickDomainCallback (node.js:381:11)
    at Function.Module.runMain (module.js:503:11)
    at startup (node.js:129:16)
    at node.js:814:3
Error: listen EADDRNOTAVAIL
    at exports._errnoException (util.js:746:11)
    at Server._listen2 (net.js:1139:19)
    at listen (net.js:1182:10)
    at net.js:1280:9
    at dns.js:85:18
    at process._tickDomainCallback (node.js:381:11)
    at Function.Module.runMain (module.js:503:11)
    at startup (node.js:129:16)
    at node.js:814:3
Error: listen EADDRNOTAVAIL
    at exports._errnoException (util.js:746:11)
    at Server._listen2 (net.js:1139:19)
    at listen (net.js:1182:10)
    at net.js:1280:9
    at dns.js:85:18
    at process._tickDomainCallback (node.js:381:11)
    at Function.Module.runMain (module.js:503:11)
    at startup (node.js:129:16)
    at node.js:814:3
Error: listen EADDRNOTAVAIL
    at exports._errnoException (util.js:746:11)
    at Server._listen2 (net.js:1139:19)
    at listen (net.js:1182:10)
    at net.js:1280:9
    at dns.js:85:18
    at process._tickDomainCallback (node.js:381:11)
    at Function.Module.runMain (module.js:503:11)
    at startup (node.js:129:16)
    at node.js:814:3
Error: listen EADDRNOTAVAIL
    at exports._errnoException (util.js:746:11)
    at Server._listen2 (net.js:1139:19)
    at listen (net.js:1182:10)
    at net.js:1280:9
    at dns.js:85:18
    at process._tickDomainCallback (node.js:381:11)
    at Function.Module.runMain (module.js:503:11)
    at startup (node.js:129:16)
    at node.js:814:3
Error: listen EADDRNOTAVAIL
    at exports._errnoException (util.js:746:11)
    at Server._listen2 (net.js:1139:19)
    at listen (net.js:1182:10)
    at net.js:1280:9
    at dns.js:85:18
    at process._tickDomainCallback (node.js:381:11)
    at Function.Module.runMain (module.js:503:11)
    at startup (node.js:129:16)
    at node.js:814:3
Error: listen EADDRNOTAVAIL
    at exports._errnoException (util.js:746:11)
    at Server._listen2 (net.js:1139:19)
    at listen (net.js:1182:10)
    at net.js:1280:9
    at dns.js:85:18
    at process._tickDomainCallback (node.js:381:11)
    at Function.Module.runMain (module.js:503:11)
    at startup (node.js:129:16)
    at node.js:814:3
Error: listen EADDRNOTAVAIL
    at exports._errnoException (util.js:746:11)
    at Server._listen2 (net.js:1139:19)
    at listen (net.js:1182:10)
    at net.js:1280:9
    at dns.js:85:18
    at process._tickDomainCallback (node.js:381:11)
    at Function.Module.runMain (module.js:503:11)
    at startup (node.js:129:16)
    at node.js:814:3
Error: listen EADDRNOTAVAIL
    at exports._errnoException (util.js:746:11)
    at Server._listen2 (net.js:1139:19)
    at listen (net.js:1182:10)
    at net.js:1280:9
    at dns.js:85:18
    at process._tickDomainCallback (node.js:381:11)
    at Function.Module.runMain (module.js:503:11)
    at startup (node.js:129:16)
    at node.js:814:3
Error: listen EADDRNOTAVAIL
    at exports._errnoException (util.js:746:11)
    at Server._listen2 (net.js:1139:19)
    at listen (net.js:1182:10)
    at net.js:1280:9
    at dns.js:85:18
    at process._tickDomainCallback (node.js:381:11)
    at Function.Module.runMain (module.js:503:11)
    at startup (node.js:129:16)
    at node.js:814:3
Error: listen EADDRNOTAVAIL
    at exports._errnoException (util.js:746:11)
    at Server._listen2 (net.js:1139:19)
    at listen (net.js:1182:10)
    at net.js:1280:9
    at dns.js:85:18
    at process._tickDomainCallback (node.js:381:11)
    at Function.Module.runMain (module.js:503:11)
    at startup (node.js:129:16)
    at node.js:814:3
Error: listen EADDRNOTAVAIL
    at exports._errnoException (util.js:746:11)
    at Server._listen2 (net.js:1139:19)
    at listen (net.js:1182:10)
    at net.js:1280:9
    at dns.js:85:18
    at process._tickDomainCallback (node.js:381:11)
    at Function.Module.runMain (module.js:503:11)
    at startup (node.js:129:16)
    at node.js:814:3
Error: listen EADDRNOTAVAIL
    at exports._errnoException (util.js:746:11)
    at Server._listen2 (net.js:1139:19)
    at listen (net.js:1182:10)
    at net.js:1280:9
    at dns.js:85:18
    at process._tickDomainCallback (node.js:381:11)
    at Function.Module.runMain (module.js:503:11)
    at startup (node.js:129:16)
    at node.js:814:3
Error: listen EADDRNOTAVAIL
    at exports._errnoException (util.js:746:11)
    at Server._listen2 (net.js:1139:19)
    at listen (net.js:1182:10)
    at net.js:1280:9
    at dns.js:85:18
    at process._tickDomainCallback (node.js:381:11)
    at Function.Module.runMain (module.js:503:11)
    at startup (node.js:129:16)
    at node.js:814:3
Error: listen EADDRNOTAVAIL
    at exports._errnoException (util.js:746:11)
    at Server._listen2 (net.js:1139:19)
    at listen (net.js:1182:10)
    at net.js:1280:9
    at dns.js:85:18
    at process._tickDomainCallback (node.js:381:11)
    at Function.Module.runMain (module.js:503:11)
    at startup (node.js:129:16)
    at node.js:814:3
Error: listen EADDRNOTAVAIL
    at exports._errnoException (util.js:746:11)
    at Server._listen2 (net.js:1139:19)
    at listen (net.js:1182:10)
    at net.js:1280:9
    at dns.js:85:18
    at process._tickDomainCallback (node.js:381:11)
    at Function.Module.runMain (module.js:503:11)
    at startup (node.js:129:16)
    at node.js:814:3
Error: listen EADDRNOTAVAIL
    at exports._errnoException (util.js:746:11)
    at Server._listen2 (net.js:1139:19)
    at listen (net.js:1182:10)
    at net.js:1280:9
    at dns.js:85:18
    at process._tickDomainCallback (node.js:381:11)
    at Function.Module.runMain (module.js:503:11)
    at startup (node.js:129:16)
    at node.js:814:3
Error: listen EADDRNOTAVAIL
    at exports._errnoException (util.js:746:11)
    at Server._listen2 (net.js:1139:19)
    at listen (net.js:1182:10)
    at net.js:1280:9
    at dns.js:85:18
    at process._tickDomainCallback (node.js:381:11)
    at Function.Module.runMain (module.js:503:11)
    at startup (node.js:129:16)
    at node.js:814:3
Error: listen EADDRNOTAVAIL
    at exports._errnoException (util.js:746:11)
    at Server._listen2 (net.js:1139:19)
    at listen (net.js:1182:10)
    at net.js:1280:9
    at dns.js:85:18
    at process._tickDomainCallback (node.js:381:11)
    at Function.Module.runMain (module.js:503:11)
    at startup (node.js:129:16)
    at node.js:814:3
