Error: Cannot find module 'seneca'
    at Function.Module._resolveFilename (module.js:336:15)
    at Function.Module._load (module.js:278:25)
    at Function.<anonymous> (/root/node/lib/node_modules/pm2/node_modules/pmx/lib/transaction.js:62:21)
    at Module.require (module.js:365:17)
    at require (module.js:384:17)
    at Object.<anonymous> (/root/simpleSocket/services/translator/translator-service.js:3:14)
    at Module._compile (module.js:460:26)
    at Object.Module._extensions..js (module.js:478:10)
    at Module.load (module.js:355:32)
    at Function.Module._load (module.js:310:12)
Error: Cannot find module 'seneca'
    at Function.Module._resolveFilename (module.js:336:15)
    at Function.Module._load (module.js:278:25)
    at Function.<anonymous> (/root/node/lib/node_modules/pm2/node_modules/pmx/lib/transaction.js:62:21)
    at Module.require (module.js:365:17)
    at require (module.js:384:17)
    at Object.<anonymous> (/root/simpleSocket/services/translator/translator-service.js:3:14)
    at Module._compile (module.js:460:26)
    at Object.Module._extensions..js (module.js:478:10)
    at Module.load (module.js:355:32)
    at Function.Module._load (module.js:310:12)
Error: Cannot find module 'seneca'
    at Function.Module._resolveFilename (module.js:336:15)
    at Function.Module._load (module.js:278:25)
    at Function.<anonymous> (/root/node/lib/node_modules/pm2/node_modules/pmx/lib/transaction.js:62:21)
    at Module.require (module.js:365:17)
    at require (module.js:384:17)
    at Object.<anonymous> (/root/simpleSocket/services/translator/translator-service.js:3:14)
    at Module._compile (module.js:460:26)
    at Object.Module._extensions..js (module.js:478:10)
    at Module.load (module.js:355:32)
    at Function.Module._load (module.js:310:12)
Error: Cannot find module 'seneca'
    at Function.Module._resolveFilename (module.js:336:15)
    at Function.Module._load (module.js:278:25)
    at Function.<anonymous> (/root/node/lib/node_modules/pm2/node_modules/pmx/lib/transaction.js:62:21)
    at Module.require (module.js:365:17)
    at require (module.js:384:17)
    at Object.<anonymous> (/root/simpleSocket/services/translator/translator-service.js:3:14)
    at Module._compile (module.js:460:26)
    at Object.Module._extensions..js (module.js:478:10)
    at Module.load (module.js:355:32)
    at Function.Module._load (module.js:310:12)
Error: Cannot find module 'seneca'
    at Function.Module._resolveFilename (module.js:336:15)
    at Function.Module._load (module.js:278:25)
    at Function.<anonymous> (/root/node/lib/node_modules/pm2/node_modules/pmx/lib/transaction.js:62:21)
    at Module.require (module.js:365:17)
    at require (module.js:384:17)
    at Object.<anonymous> (/root/simpleSocket/services/translator/translator-service.js:3:14)
    at Module._compile (module.js:460:26)
    at Object.Module._extensions..js (module.js:478:10)
    at Module.load (module.js:355:32)
    at Function.Module._load (module.js:310:12)
Error: Cannot find module 'seneca'
    at Function.Module._resolveFilename (module.js:336:15)
    at Function.Module._load (module.js:278:25)
    at Function.<anonymous> (/root/node/lib/node_modules/pm2/node_modules/pmx/lib/transaction.js:62:21)
    at Module.require (module.js:365:17)
    at require (module.js:384:17)
    at Object.<anonymous> (/root/simpleSocket/services/translator/translator-service.js:3:14)
    at Module._compile (module.js:460:26)
    at Object.Module._extensions..js (module.js:478:10)
    at Module.load (module.js:355:32)
    at Function.Module._load (module.js:310:12)
Error: Cannot find module 'seneca'
    at Function.Module._resolveFilename (module.js:336:15)
    at Function.Module._load (module.js:278:25)
    at Function.<anonymous> (/root/node/lib/node_modules/pm2/node_modules/pmx/lib/transaction.js:62:21)
    at Module.require (module.js:365:17)
    at require (module.js:384:17)
    at Object.<anonymous> (/root/simpleSocket/services/translator/translator-service.js:3:14)
    at Module._compile (module.js:460:26)
    at Object.Module._extensions..js (module.js:478:10)
    at Module.load (module.js:355:32)
    at Function.Module._load (module.js:310:12)
Error: Cannot find module 'seneca'
    at Function.Module._resolveFilename (module.js:336:15)
    at Function.Module._load (module.js:278:25)
    at Function.<anonymous> (/root/node/lib/node_modules/pm2/node_modules/pmx/lib/transaction.js:62:21)
    at Module.require (module.js:365:17)
    at require (module.js:384:17)
    at Object.<anonymous> (/root/simpleSocket/services/translator/translator-service.js:3:14)
    at Module._compile (module.js:460:26)
    at Object.Module._extensions..js (module.js:478:10)
    at Module.load (module.js:355:32)
    at Function.Module._load (module.js:310:12)
Error: Cannot find module 'seneca'
    at Function.Module._resolveFilename (module.js:336:15)
    at Function.Module._load (module.js:278:25)
    at Function.<anonymous> (/root/node/lib/node_modules/pm2/node_modules/pmx/lib/transaction.js:62:21)
    at Module.require (module.js:365:17)
    at require (module.js:384:17)
    at Object.<anonymous> (/root/simpleSocket/services/translator/translator-service.js:3:14)
    at Module._compile (module.js:460:26)
    at Object.Module._extensions..js (module.js:478:10)
    at Module.load (module.js:355:32)
    at Function.Module._load (module.js:310:12)
Error: Cannot find module 'seneca'
    at Function.Module._resolveFilename (module.js:336:15)
    at Function.Module._load (module.js:278:25)
    at Function.<anonymous> (/root/node/lib/node_modules/pm2/node_modules/pmx/lib/transaction.js:62:21)
    at Module.require (module.js:365:17)
    at require (module.js:384:17)
    at Object.<anonymous> (/root/simpleSocket/services/translator/translator-service.js:3:14)
    at Module._compile (module.js:460:26)
    at Object.Module._extensions..js (module.js:478:10)
    at Module.load (module.js:355:32)
    at Function.Module._load (module.js:310:12)
Error: Cannot find module 'seneca'
    at Function.Module._resolveFilename (module.js:336:15)
    at Function.Module._load (module.js:278:25)
    at Function.<anonymous> (/root/node/lib/node_modules/pm2/node_modules/pmx/lib/transaction.js:62:21)
    at Module.require (module.js:365:17)
    at require (module.js:384:17)
    at Object.<anonymous> (/root/simpleSocket/services/translator/translator-service.js:3:14)
    at Module._compile (module.js:460:26)
    at Object.Module._extensions..js (module.js:478:10)
    at Module.load (module.js:355:32)
    at Function.Module._load (module.js:310:12)
Error: Cannot find module 'seneca'
    at Function.Module._resolveFilename (module.js:336:15)
    at Function.Module._load (module.js:278:25)
    at Function.<anonymous> (/root/node/lib/node_modules/pm2/node_modules/pmx/lib/transaction.js:62:21)
    at Module.require (module.js:365:17)
    at require (module.js:384:17)
    at Object.<anonymous> (/root/simpleSocket/services/translator/translator-service.js:3:14)
    at Module._compile (module.js:460:26)
    at Object.Module._extensions..js (module.js:478:10)
    at Module.load (module.js:355:32)
    at Function.Module._load (module.js:310:12)
Error: Cannot find module 'seneca'
    at Function.Module._resolveFilename (module.js:336:15)
    at Function.Module._load (module.js:278:25)
    at Function.<anonymous> (/root/node/lib/node_modules/pm2/node_modules/pmx/lib/transaction.js:62:21)
    at Module.require (module.js:365:17)
    at require (module.js:384:17)
    at Object.<anonymous> (/root/simpleSocket/services/translator/translator-service.js:3:14)
    at Module._compile (module.js:460:26)
    at Object.Module._extensions..js (module.js:478:10)
    at Module.load (module.js:355:32)
    at Function.Module._load (module.js:310:12)
Error: Cannot find module 'seneca'
    at Function.Module._resolveFilename (module.js:336:15)
    at Function.Module._load (module.js:278:25)
    at Function.<anonymous> (/root/node/lib/node_modules/pm2/node_modules/pmx/lib/transaction.js:62:21)
    at Module.require (module.js:365:17)
    at require (module.js:384:17)
    at Object.<anonymous> (/root/simpleSocket/services/translator/translator-service.js:3:14)
    at Module._compile (module.js:460:26)
    at Object.Module._extensions..js (module.js:478:10)
    at Module.load (module.js:355:32)
    at Function.Module._load (module.js:310:12)
TypeError: Cannot read property 'listen' of undefined
    at Object.<anonymous> (/root/simpleSocket/services/translator/translator-service.js:7:1)
    at Module._compile (module.js:460:26)
    at Object.Module._extensions..js (module.js:478:10)
    at Module.load (module.js:355:32)
    at Function.Module._load (module.js:310:12)
    at Function.<anonymous> (/root/node/lib/node_modules/pm2/node_modules/pmx/lib/transaction.js:62:21)
    at Object.<anonymous> (/root/node/lib/node_modules/pm2/lib/ProcessContainerFork.js:28:21)
    at Module._compile (module.js:460:26)
    at Object.Module._extensions..js (module.js:478:10)
    at Module.load (module.js:355:32)
TypeError: Cannot read property 'listen' of undefined
    at Object.<anonymous> (/root/simpleSocket/services/translator/translator-service.js:7:1)
    at Module._compile (module.js:460:26)
    at Object.Module._extensions..js (module.js:478:10)
    at Module.load (module.js:355:32)
    at Function.Module._load (module.js:310:12)
    at Function.<anonymous> (/root/node/lib/node_modules/pm2/node_modules/pmx/lib/transaction.js:62:21)
    at Object.<anonymous> (/root/node/lib/node_modules/pm2/lib/ProcessContainerFork.js:28:21)
    at Module._compile (module.js:460:26)
    at Object.Module._extensions..js (module.js:478:10)
    at Module.load (module.js:355:32)
TypeError: Cannot read property 'listen' of undefined
    at Object.<anonymous> (/root/simpleSocket/services/translator/translator-service.js:7:1)
    at Module._compile (module.js:460:26)
    at Object.Module._extensions..js (module.js:478:10)
    at Module.load (module.js:355:32)
    at Function.Module._load (module.js:310:12)
    at Function.<anonymous> (/root/node/lib/node_modules/pm2/node_modules/pmx/lib/transaction.js:62:21)
    at Object.<anonymous> (/root/node/lib/node_modules/pm2/lib/ProcessContainerFork.js:28:21)
    at Module._compile (module.js:460:26)
    at Object.Module._extensions..js (module.js:478:10)
    at Module.load (module.js:355:32)
TypeError: Cannot read property 'listen' of undefined
    at Object.<anonymous> (/root/simpleSocket/services/translator/translator-service.js:7:1)
    at Module._compile (module.js:460:26)
    at Object.Module._extensions..js (module.js:478:10)
    at Module.load (module.js:355:32)
    at Function.Module._load (module.js:310:12)
    at Function.<anonymous> (/root/node/lib/node_modules/pm2/node_modules/pmx/lib/transaction.js:62:21)
    at Object.<anonymous> (/root/node/lib/node_modules/pm2/lib/ProcessContainerFork.js:28:21)
    at Module._compile (module.js:460:26)
    at Object.Module._extensions..js (module.js:478:10)
    at Module.load (module.js:355:32)
TypeError: Cannot read property 'listen' of undefined
    at Object.<anonymous> (/root/simpleSocket/services/translator/translator-service.js:7:1)
    at Module._compile (module.js:460:26)
    at Object.Module._extensions..js (module.js:478:10)
    at Module.load (module.js:355:32)
    at Function.Module._load (module.js:310:12)
    at Function.<anonymous> (/root/node/lib/node_modules/pm2/node_modules/pmx/lib/transaction.js:62:21)
    at Object.<anonymous> (/root/node/lib/node_modules/pm2/lib/ProcessContainerFork.js:28:21)
    at Module._compile (module.js:460:26)
    at Object.Module._extensions..js (module.js:478:10)
    at Module.load (module.js:355:32)
TypeError: Cannot read property 'listen' of undefined
    at Object.<anonymous> (/root/simpleSocket/services/translator/translator-service.js:7:1)
    at Module._compile (module.js:460:26)
    at Object.Module._extensions..js (module.js:478:10)
    at Module.load (module.js:355:32)
    at Function.Module._load (module.js:310:12)
    at Function.<anonymous> (/root/node/lib/node_modules/pm2/node_modules/pmx/lib/transaction.js:62:21)
    at Object.<anonymous> (/root/node/lib/node_modules/pm2/lib/ProcessContainerFork.js:28:21)
    at Module._compile (module.js:460:26)
    at Object.Module._extensions..js (module.js:478:10)
    at Module.load (module.js:355:32)
TypeError: Cannot read property 'listen' of undefined
    at Object.<anonymous> (/root/simpleSocket/services/translator/translator-service.js:7:1)
    at Module._compile (module.js:460:26)
    at Object.Module._extensions..js (module.js:478:10)
    at Module.load (module.js:355:32)
    at Function.Module._load (module.js:310:12)
    at Function.<anonymous> (/root/node/lib/node_modules/pm2/node_modules/pmx/lib/transaction.js:62:21)
    at Object.<anonymous> (/root/node/lib/node_modules/pm2/lib/ProcessContainerFork.js:28:21)
    at Module._compile (module.js:460:26)
    at Object.Module._extensions..js (module.js:478:10)
    at Module.load (module.js:355:32)
TypeError: Cannot read property 'listen' of undefined
    at Object.<anonymous> (/root/simpleSocket/services/translator/translator-service.js:7:1)
    at Module._compile (module.js:460:26)
    at Object.Module._extensions..js (module.js:478:10)
    at Module.load (module.js:355:32)
    at Function.Module._load (module.js:310:12)
    at Function.<anonymous> (/root/node/lib/node_modules/pm2/node_modules/pmx/lib/transaction.js:62:21)
    at Object.<anonymous> (/root/node/lib/node_modules/pm2/lib/ProcessContainerFork.js:28:21)
    at Module._compile (module.js:460:26)
    at Object.Module._extensions..js (module.js:478:10)
    at Module.load (module.js:355:32)
TypeError: Cannot read property 'listen' of undefined
    at Object.<anonymous> (/root/simpleSocket/services/translator/translator-service.js:7:1)
    at Module._compile (module.js:460:26)
    at Object.Module._extensions..js (module.js:478:10)
    at Module.load (module.js:355:32)
    at Function.Module._load (module.js:310:12)
    at Function.<anonymous> (/root/node/lib/node_modules/pm2/node_modules/pmx/lib/transaction.js:62:21)
    at Object.<anonymous> (/root/node/lib/node_modules/pm2/lib/ProcessContainerFork.js:28:21)
    at Module._compile (module.js:460:26)
    at Object.Module._extensions..js (module.js:478:10)
    at Module.load (module.js:355:32)
TypeError: Cannot read property 'listen' of undefined
    at Object.<anonymous> (/root/simpleSocket/services/translator/translator-service.js:7:1)
    at Module._compile (module.js:460:26)
    at Object.Module._extensions..js (module.js:478:10)
    at Module.load (module.js:355:32)
    at Function.Module._load (module.js:310:12)
    at Function.<anonymous> (/root/node/lib/node_modules/pm2/node_modules/pmx/lib/transaction.js:62:21)
    at Object.<anonymous> (/root/node/lib/node_modules/pm2/lib/ProcessContainerFork.js:28:21)
    at Module._compile (module.js:460:26)
    at Object.Module._extensions..js (module.js:478:10)
    at Module.load (module.js:355:32)
TypeError: Cannot read property 'listen' of undefined
    at Object.<anonymous> (/root/simpleSocket/services/translator/translator-service.js:7:1)
    at Module._compile (module.js:460:26)
    at Object.Module._extensions..js (module.js:478:10)
    at Module.load (module.js:355:32)
    at Function.Module._load (module.js:310:12)
    at Function.<anonymous> (/root/node/lib/node_modules/pm2/node_modules/pmx/lib/transaction.js:62:21)
    at Object.<anonymous> (/root/node/lib/node_modules/pm2/lib/ProcessContainerFork.js:28:21)
    at Module._compile (module.js:460:26)
    at Object.Module._extensions..js (module.js:478:10)
    at Module.load (module.js:355:32)
TypeError: Cannot read property 'listen' of undefined
    at Object.<anonymous> (/root/simpleSocket/services/translator/translator-service.js:7:1)
    at Module._compile (module.js:460:26)
    at Object.Module._extensions..js (module.js:478:10)
    at Module.load (module.js:355:32)
    at Function.Module._load (module.js:310:12)
    at Function.<anonymous> (/root/node/lib/node_modules/pm2/node_modules/pmx/lib/transaction.js:62:21)
    at Object.<anonymous> (/root/node/lib/node_modules/pm2/lib/ProcessContainerFork.js:28:21)
    at Module._compile (module.js:460:26)
    at Object.Module._extensions..js (module.js:478:10)
    at Module.load (module.js:355:32)
TypeError: Cannot read property 'listen' of undefined
    at Object.<anonymous> (/root/simpleSocket/services/translator/translator-service.js:7:1)
    at Module._compile (module.js:460:26)
    at Object.Module._extensions..js (module.js:478:10)
    at Module.load (module.js:355:32)
    at Function.Module._load (module.js:310:12)
    at Function.<anonymous> (/root/node/lib/node_modules/pm2/node_modules/pmx/lib/transaction.js:62:21)
    at Object.<anonymous> (/root/node/lib/node_modules/pm2/lib/ProcessContainerFork.js:28:21)
    at Module._compile (module.js:460:26)
    at Object.Module._extensions..js (module.js:478:10)
    at Module.load (module.js:355:32)
TypeError: Cannot read property 'listen' of undefined
    at Object.<anonymous> (/root/simpleSocket/services/translator/translator-service.js:7:1)
    at Module._compile (module.js:460:26)
    at Object.Module._extensions..js (module.js:478:10)
    at Module.load (module.js:355:32)
    at Function.Module._load (module.js:310:12)
    at Function.<anonymous> (/root/node/lib/node_modules/pm2/node_modules/pmx/lib/transaction.js:62:21)
    at Object.<anonymous> (/root/node/lib/node_modules/pm2/lib/ProcessContainerFork.js:28:21)
    at Module._compile (module.js:460:26)
    at Object.Module._extensions..js (module.js:478:10)
    at Module.load (module.js:355:32)
TypeError: Cannot read property 'listen' of undefined
    at Object.<anonymous> (/root/simpleSocket/services/translator/translator-service.js:7:1)
    at Module._compile (module.js:460:26)
    at Object.Module._extensions..js (module.js:478:10)
    at Module.load (module.js:355:32)
    at Function.Module._load (module.js:310:12)
    at Function.<anonymous> (/root/node/lib/node_modules/pm2/node_modules/pmx/lib/transaction.js:62:21)
    at Object.<anonymous> (/root/node/lib/node_modules/pm2/lib/ProcessContainerFork.js:28:21)
    at Module._compile (module.js:460:26)
    at Object.Module._extensions..js (module.js:478:10)
    at Module.load (module.js:355:32)
TypeError: Cannot read property 'listen' of undefined
    at Object.<anonymous> (/root/simpleSocket/services/translator/translator-service.js:7:1)
    at Module._compile (module.js:460:26)
    at Object.Module._extensions..js (module.js:478:10)
    at Module.load (module.js:355:32)
    at Function.Module._load (module.js:310:12)
    at Function.<anonymous> (/root/node/lib/node_modules/pm2/node_modules/pmx/lib/transaction.js:62:21)
    at Object.<anonymous> (/root/node/lib/node_modules/pm2/lib/ProcessContainerFork.js:28:21)
    at Module._compile (module.js:460:26)
    at Object.Module._extensions..js (module.js:478:10)
    at Module.load (module.js:355:32)
TypeError: Cannot read property 'listen' of undefined
    at Object.<anonymous> (/root/simpleSocket/services/translator/translator-service.js:7:1)
    at Module._compile (module.js:460:26)
    at Object.Module._extensions..js (module.js:478:10)
    at Module.load (module.js:355:32)
    at Function.Module._load (module.js:310:12)
    at Function.<anonymous> (/root/node/lib/node_modules/pm2/node_modules/pmx/lib/transaction.js:62:21)
    at Object.<anonymous> (/root/node/lib/node_modules/pm2/lib/ProcessContainerFork.js:28:21)
    at Module._compile (module.js:460:26)
    at Object.Module._extensions..js (module.js:478:10)
    at Module.load (module.js:355:32)
TypeError: Cannot read property 'listen' of undefined
    at Object.<anonymous> (/root/simpleSocket/services/translator/translator-service.js:7:1)
    at Module._compile (module.js:460:26)
    at Object.Module._extensions..js (module.js:478:10)
    at Module.load (module.js:355:32)
    at Function.Module._load (module.js:310:12)
    at Function.<anonymous> (/root/node/lib/node_modules/pm2/node_modules/pmx/lib/transaction.js:62:21)
    at Object.<anonymous> (/root/node/lib/node_modules/pm2/lib/ProcessContainerFork.js:28:21)
    at Module._compile (module.js:460:26)
    at Object.Module._extensions..js (module.js:478:10)
    at Module.load (module.js:355:32)
TypeError: Cannot read property 'listen' of undefined
    at Object.<anonymous> (/root/simpleSocket/services/translator/translator-service.js:7:1)
    at Module._compile (module.js:460:26)
    at Object.Module._extensions..js (module.js:478:10)
    at Module.load (module.js:355:32)
    at Function.Module._load (module.js:310:12)
    at Function.<anonymous> (/root/node/lib/node_modules/pm2/node_modules/pmx/lib/transaction.js:62:21)
    at Object.<anonymous> (/root/node/lib/node_modules/pm2/lib/ProcessContainerFork.js:28:21)
    at Module._compile (module.js:460:26)
    at Object.Module._extensions..js (module.js:478:10)
    at Module.load (module.js:355:32)
TypeError: Cannot read property 'listen' of undefined
    at Object.<anonymous> (/root/simpleSocket/services/translator/translator-service.js:7:1)
    at Module._compile (module.js:460:26)
    at Object.Module._extensions..js (module.js:478:10)
    at Module.load (module.js:355:32)
    at Function.Module._load (module.js:310:12)
    at Function.<anonymous> (/root/node/lib/node_modules/pm2/node_modules/pmx/lib/transaction.js:62:21)
    at Object.<anonymous> (/root/node/lib/node_modules/pm2/lib/ProcessContainerFork.js:28:21)
    at Module._compile (module.js:460:26)
    at Object.Module._extensions..js (module.js:478:10)
    at Module.load (module.js:355:32)
TypeError: Cannot read property 'listen' of undefined
    at Object.<anonymous> (/root/simpleSocket/services/translator/translator-service.js:7:1)
    at Module._compile (module.js:460:26)
    at Object.Module._extensions..js (module.js:478:10)
    at Module.load (module.js:355:32)
    at Function.Module._load (module.js:310:12)
    at Function.<anonymous> (/root/node/lib/node_modules/pm2/node_modules/pmx/lib/transaction.js:62:21)
    at Object.<anonymous> (/root/node/lib/node_modules/pm2/lib/ProcessContainerFork.js:28:21)
    at Module._compile (module.js:460:26)
    at Object.Module._extensions..js (module.js:478:10)
    at Module.load (module.js:355:32)
TypeError: Cannot read property 'listen' of undefined
    at Object.<anonymous> (/root/simpleSocket/services/translator/translator-service.js:7:1)
    at Module._compile (module.js:460:26)
    at Object.Module._extensions..js (module.js:478:10)
    at Module.load (module.js:355:32)
    at Function.Module._load (module.js:310:12)
    at Function.<anonymous> (/root/node/lib/node_modules/pm2/node_modules/pmx/lib/transaction.js:62:21)
    at Object.<anonymous> (/root/node/lib/node_modules/pm2/lib/ProcessContainerFork.js:28:21)
    at Module._compile (module.js:460:26)
    at Object.Module._extensions..js (module.js:478:10)
    at Module.load (module.js:355:32)
TypeError: Cannot read property 'listen' of undefined
    at Object.<anonymous> (/root/simpleSocket/services/translator/translator-service.js:7:1)
    at Module._compile (module.js:460:26)
    at Object.Module._extensions..js (module.js:478:10)
    at Module.load (module.js:355:32)
    at Function.Module._load (module.js:310:12)
    at Function.<anonymous> (/root/node/lib/node_modules/pm2/node_modules/pmx/lib/transaction.js:62:21)
    at Object.<anonymous> (/root/node/lib/node_modules/pm2/lib/ProcessContainerFork.js:28:21)
    at Module._compile (module.js:460:26)
    at Object.Module._extensions..js (module.js:478:10)
    at Module.load (module.js:355:32)
